<?xml version="1.0" encoding="UTF-8"?>
<testsuite name="com.checkpoint.CheckpointApplicationTests" tests="1" skipped="0" failures="0" errors="0" timestamp="2017-02-05T05:37:00" hostname="michaels-mbp" time="0.123">
  <properties/>
  <testcase name="contextLoads" classname="com.checkpoint.CheckpointApplicationTests" time="0.123"/>
  <system-out><![CDATA[14:36:50.279 [Test worker] DEBUG org.springframework.test.context.junit4.SpringJUnit4ClassRunner - SpringJUnit4ClassRunner constructor called with [class com.checkpoint.CheckpointApplicationTests]
14:36:50.288 [Test worker] DEBUG org.springframework.test.context.BootstrapUtils - Instantiating CacheAwareContextLoaderDelegate from class [org.springframework.test.context.cache.DefaultCacheAwareContextLoaderDelegate]
14:36:50.301 [Test worker] DEBUG org.springframework.test.context.BootstrapUtils - Instantiating BootstrapContext using constructor [public org.springframework.test.context.support.DefaultBootstrapContext(java.lang.Class,org.springframework.test.context.CacheAwareContextLoaderDelegate)]
14:36:50.317 [Test worker] DEBUG org.springframework.test.context.BootstrapUtils - Instantiating TestContextBootstrapper for test class [com.checkpoint.CheckpointApplicationTests] from class [org.springframework.boot.test.context.SpringBootTestContextBootstrapper]
14:36:50.330 [Test worker] INFO org.springframework.boot.test.context.SpringBootTestContextBootstrapper - Neither @ContextConfiguration nor @ContextHierarchy found for test class [com.checkpoint.CheckpointApplicationTests], using SpringBootContextLoader
14:36:50.333 [Test worker] DEBUG org.springframework.test.context.support.AbstractContextLoader - Did not detect default resource location for test class [com.checkpoint.CheckpointApplicationTests]: class path resource [com/checkpoint/CheckpointApplicationTests-context.xml] does not exist
14:36:50.334 [Test worker] DEBUG org.springframework.test.context.support.AbstractContextLoader - Did not detect default resource location for test class [com.checkpoint.CheckpointApplicationTests]: class path resource [com/checkpoint/CheckpointApplicationTestsContext.groovy] does not exist
14:36:50.334 [Test worker] INFO org.springframework.test.context.support.AbstractContextLoader - Could not detect default resource locations for test class [com.checkpoint.CheckpointApplicationTests]: no resource found for suffixes {-context.xml, Context.groovy}.
14:36:50.335 [Test worker] INFO org.springframework.test.context.support.AnnotationConfigContextLoaderUtils - Could not detect default configuration classes for test class [com.checkpoint.CheckpointApplicationTests]: CheckpointApplicationTests does not declare any static, non-private, non-final, nested classes annotated with @Configuration.
14:36:50.423 [Test worker] DEBUG org.springframework.test.context.support.ActiveProfilesUtils - Could not find an 'annotation declaring class' for annotation type [org.springframework.test.context.ActiveProfiles] and class [com.checkpoint.CheckpointApplicationTests]
14:36:50.438 [Test worker] DEBUG org.springframework.core.env.StandardEnvironment - Adding [systemProperties] PropertySource with lowest search precedence
14:36:50.440 [Test worker] DEBUG org.springframework.core.env.StandardEnvironment - Adding [systemEnvironment] PropertySource with lowest search precedence
14:36:50.441 [Test worker] DEBUG org.springframework.core.env.StandardEnvironment - Initialized StandardEnvironment with PropertySources [systemProperties,systemEnvironment]
14:36:50.452 [Test worker] DEBUG org.springframework.core.io.support.PathMatchingResourcePatternResolver - Resolved classpath location [com/checkpoint/] to resources [URL [file:/Users/michaelrobinson/dev/workspace/checkpoint-grails/build/classes/test/com/checkpoint/], URL [file:/Users/michaelrobinson/dev/workspace/checkpoint-grails/build/classes/main/com/checkpoint/]]
14:36:50.452 [Test worker] DEBUG org.springframework.core.io.support.PathMatchingResourcePatternResolver - Looking for matching resources in directory tree [/Users/michaelrobinson/dev/workspace/checkpoint-grails/build/classes/test/com/checkpoint]
14:36:50.452 [Test worker] DEBUG org.springframework.core.io.support.PathMatchingResourcePatternResolver - Searching directory [/Users/michaelrobinson/dev/workspace/checkpoint-grails/build/classes/test/com/checkpoint] for files matching pattern [/Users/michaelrobinson/dev/workspace/checkpoint-grails/build/classes/test/com/checkpoint/*.class]
14:36:50.458 [Test worker] DEBUG org.springframework.core.io.support.PathMatchingResourcePatternResolver - Looking for matching resources in directory tree [/Users/michaelrobinson/dev/workspace/checkpoint-grails/build/classes/main/com/checkpoint]
14:36:50.458 [Test worker] DEBUG org.springframework.core.io.support.PathMatchingResourcePatternResolver - Searching directory [/Users/michaelrobinson/dev/workspace/checkpoint-grails/build/classes/main/com/checkpoint] for files matching pattern [/Users/michaelrobinson/dev/workspace/checkpoint-grails/build/classes/main/com/checkpoint/*.class]
14:36:50.459 [Test worker] DEBUG org.springframework.core.io.support.PathMatchingResourcePatternResolver - Resolved location pattern [classpath*:com/checkpoint/*.class] to resources [file [/Users/michaelrobinson/dev/workspace/checkpoint-grails/build/classes/test/com/checkpoint/CheckpointApplicationTests.class], file [/Users/michaelrobinson/dev/workspace/checkpoint-grails/build/classes/main/com/checkpoint/CheckpointApplication.class], file [/Users/michaelrobinson/dev/workspace/checkpoint-grails/build/classes/main/com/checkpoint/ServletInitializer.class]]
14:36:50.531 [Test worker] DEBUG org.springframework.context.annotation.ClassPathScanningCandidateComponentProvider - Identified candidate component class: file [/Users/michaelrobinson/dev/workspace/checkpoint-grails/build/classes/main/com/checkpoint/CheckpointApplication.class]
14:36:50.533 [Test worker] INFO org.springframework.boot.test.context.SpringBootTestContextBootstrapper - Found @SpringBootConfiguration com.checkpoint.CheckpointApplication for test class com.checkpoint.CheckpointApplicationTests
14:36:50.538 [Test worker] DEBUG org.springframework.boot.test.context.SpringBootTestContextBootstrapper - @TestExecutionListeners is not present for class [com.checkpoint.CheckpointApplicationTests]: using defaults.
14:36:50.543 [Test worker] INFO org.springframework.boot.test.context.SpringBootTestContextBootstrapper - Loaded default TestExecutionListener class names from location [META-INF/spring.factories]: [org.springframework.boot.test.mock.mockito.MockitoTestExecutionListener, org.springframework.boot.test.mock.mockito.ResetMocksTestExecutionListener, org.springframework.boot.test.autoconfigure.restdocs.RestDocsTestExecutionListener, org.springframework.boot.test.autoconfigure.web.client.MockRestServiceServerResetTestExecutionListener, org.springframework.boot.test.autoconfigure.web.servlet.MockMvcPrintOnlyOnFailureTestExecutionListener, org.springframework.boot.test.autoconfigure.web.servlet.WebDriverTestExecutionListener, org.springframework.test.context.web.ServletTestExecutionListener, org.springframework.test.context.support.DirtiesContextBeforeModesTestExecutionListener, org.springframework.test.context.support.DependencyInjectionTestExecutionListener, org.springframework.test.context.support.DirtiesContextTestExecutionListener, org.springframework.test.context.transaction.TransactionalTestExecutionListener, org.springframework.test.context.jdbc.SqlScriptsTestExecutionListener]
14:36:50.568 [Test worker] INFO org.springframework.boot.test.context.SpringBootTestContextBootstrapper - Using TestExecutionListeners: [org.springframework.test.context.web.ServletTestExecutionListener@16d696fe, org.springframework.test.context.support.DirtiesContextBeforeModesTestExecutionListener@123caa8e, org.springframework.boot.test.autoconfigure.SpringBootDependencyInjectionTestExecutionListener@7cff9280, org.springframework.test.context.support.DirtiesContextTestExecutionListener@13e4d20d, org.springframework.test.context.transaction.TransactionalTestExecutionListener@31a7d7e9, org.springframework.test.context.jdbc.SqlScriptsTestExecutionListener@46b86389, org.springframework.boot.test.mock.mockito.MockitoTestExecutionListener@4653924c, org.springframework.boot.test.autoconfigure.web.servlet.MockMvcPrintOnlyOnFailureTestExecutionListener@73124431, org.springframework.boot.test.autoconfigure.restdocs.RestDocsTestExecutionListener@7c05dd25, org.springframework.boot.test.mock.mockito.ResetMocksTestExecutionListener@79244d07, org.springframework.boot.test.autoconfigure.web.servlet.WebDriverTestExecutionListener@23bf719d, org.springframework.boot.test.autoconfigure.web.client.MockRestServiceServerResetTestExecutionListener@42ed8a17]
14:36:50.571 [Test worker] DEBUG org.springframework.test.annotation.ProfileValueUtils - Retrieved @ProfileValueSourceConfiguration [null] for test class [com.checkpoint.CheckpointApplicationTests]
14:36:50.571 [Test worker] DEBUG org.springframework.test.annotation.ProfileValueUtils - Retrieved ProfileValueSource type [class org.springframework.test.annotation.SystemProfileValueSource] for class [com.checkpoint.CheckpointApplicationTests]
14:36:50.572 [Test worker] DEBUG org.springframework.test.annotation.ProfileValueUtils - Retrieved @ProfileValueSourceConfiguration [null] for test class [com.checkpoint.CheckpointApplicationTests]
14:36:50.572 [Test worker] DEBUG org.springframework.test.annotation.ProfileValueUtils - Retrieved ProfileValueSource type [class org.springframework.test.annotation.SystemProfileValueSource] for class [com.checkpoint.CheckpointApplicationTests]
14:36:50.577 [Test worker] DEBUG org.springframework.test.context.support.AbstractDirtiesContextTestExecutionListener - Before test class: context [DefaultTestContext@55a65d54 testClass = CheckpointApplicationTests, testInstance = [null], testMethod = [null], testException = [null], mergedContextConfiguration = [WebMergedContextConfiguration@751c8e81 testClass = CheckpointApplicationTests, locations = '{}', classes = '{class com.checkpoint.CheckpointApplication}', contextInitializerClasses = '[]', activeProfiles = '{}', propertySourceLocations = '{}', propertySourceProperties = '{org.springframework.boot.test.context.SpringBootTestContextBootstrapper=true}', contextCustomizers = set[org.springframework.boot.test.context.SpringBootTestContextCustomizer@31d784ae, org.springframework.boot.test.context.filter.ExcludeFilterContextCustomizer@20f5bf2, org.springframework.boot.test.mock.mockito.MockitoContextCustomizer@0, org.springframework.boot.test.autoconfigure.properties.PropertyMappingContextCustomizer@0, org.springframework.boot.test.autoconfigure.web.servlet.WebDriverContextCustomizerFactory$Customizer@c93aa12], resourceBasePath = 'src/main/webapp', contextLoader = 'org.springframework.boot.test.context.SpringBootContextLoader', parent = [null]]], class annotated with @DirtiesContext [false] with mode [null].
14:36:50.578 [Test worker] DEBUG org.springframework.test.annotation.ProfileValueUtils - Retrieved @ProfileValueSourceConfiguration [null] for test class [com.checkpoint.CheckpointApplicationTests]
14:36:50.578 [Test worker] DEBUG org.springframework.test.annotation.ProfileValueUtils - Retrieved ProfileValueSource type [class org.springframework.test.annotation.SystemProfileValueSource] for class [com.checkpoint.CheckpointApplicationTests]
14:36:51.078 [Test worker] DEBUG org.springframework.core.env.StandardEnvironment - Adding [systemProperties] PropertySource with lowest search precedence
14:36:51.079 [Test worker] DEBUG org.springframework.core.env.StandardEnvironment - Adding [systemEnvironment] PropertySource with lowest search precedence
14:36:51.081 [Test worker] DEBUG org.springframework.core.env.StandardEnvironment - Initialized StandardEnvironment with PropertySources [systemProperties,systemEnvironment]
14:36:51.083 [Test worker] DEBUG org.springframework.core.env.MutablePropertySources - Adding [inline] PropertySource with highest search precedence
14:36:51.091 [Test worker] DEBUG org.springframework.test.context.support.TestPropertySourceUtils - Adding inlined properties to environment: {spring.jmx.enabled=false, org.springframework.boot.test.context.SpringBootTestContextBootstrapper=true, server.port=-1}
14:36:51.091 [Test worker] DEBUG org.springframework.core.env.StandardEnvironment - Adding [Inlined Test Properties] PropertySource with highest search precedence

  .   ____          _            __ _ _
 /\\ / ___'_ __ _ _(_)_ __  __ _ \ \ \ \
( ( )\___ | '_ | '_| | '_ \/ _` | \ \ \ \
 \\/  ___)| |_)| | | | | || (_| |  ) ) ) )
  '  |____| .__|_| |_|_| |_\__, | / / / /
 =========|_|==============|___/=/_/_/_/
 :: Spring Boot ::        (v1.5.1.RELEASE)

2017-02-05 14:36:51.740  INFO 24365 --- [    Test worker] c.checkpoint.CheckpointApplicationTests  : Starting CheckpointApplicationTests on michaels-mbp with PID 24365 (started by michaelrobinson in /Users/michaelrobinson/dev/workspace/checkpoint-grails)
2017-02-05 14:36:51.744  INFO 24365 --- [    Test worker] c.checkpoint.CheckpointApplicationTests  : No active profile set, falling back to default profiles: default
2017-02-05 14:36:51.885  INFO 24365 --- [    Test worker] o.s.w.c.s.GenericWebApplicationContext   : Refreshing org.springframework.web.context.support.GenericWebApplicationContext@31c1de61: startup date [Sun Feb 05 14:36:51 JST 2017]; root of context hierarchy
2017-02-05 14:36:54.361  INFO 24365 --- [    Test worker] trationDelegate$BeanPostProcessorChecker : Bean 'org.springframework.boot.autoconfigure.validation.ValidationAutoConfiguration' of type [class org.springframework.boot.autoconfigure.validation.ValidationAutoConfiguration] is not eligible for getting processed by all BeanPostProcessors (for example: not eligible for auto-proxying)
2017-02-05 14:36:54.489  INFO 24365 --- [    Test worker] trationDelegate$BeanPostProcessorChecker : Bean 'validator' of type [class org.springframework.validation.beanvalidation.LocalValidatorFactoryBean] is not eligible for getting processed by all BeanPostProcessors (for example: not eligible for auto-proxying)
2017-02-05 14:36:54.548  INFO 24365 --- [    Test worker] trationDelegate$BeanPostProcessorChecker : Bean 'org.springframework.transaction.annotation.ProxyTransactionManagementConfiguration' of type [class org.springframework.transaction.annotation.ProxyTransactionManagementConfiguration$$EnhancerBySpringCGLIB$$b1ef9e8d] is not eligible for getting processed by all BeanPostProcessors (for example: not eligible for auto-proxying)
2017-02-05 14:36:55.369  INFO 24365 --- [    Test worker] j.LocalContainerEntityManagerFactoryBean : Building JPA container EntityManagerFactory for persistence unit 'default'
2017-02-05 14:36:55.408  INFO 24365 --- [    Test worker] o.hibernate.jpa.internal.util.LogHelper  : HHH000204: Processing PersistenceUnitInfo [
	name: default
	...]
2017-02-05 14:36:55.529  INFO 24365 --- [    Test worker] org.hibernate.Version                    : HHH000412: Hibernate Core {5.0.11.Final}
2017-02-05 14:36:55.534  INFO 24365 --- [    Test worker] org.hibernate.cfg.Environment            : HHH000206: hibernate.properties not found
2017-02-05 14:36:55.537  INFO 24365 --- [    Test worker] org.hibernate.cfg.Environment            : HHH000021: Bytecode provider name : javassist
2017-02-05 14:36:55.655  INFO 24365 --- [    Test worker] o.hibernate.annotations.common.Version   : HCANN000001: Hibernate Commons Annotations {5.0.1.Final}
2017-02-05 14:36:56.199  INFO 24365 --- [    Test worker] org.hibernate.dialect.Dialect            : HHH000400: Using dialect: org.hibernate.dialect.H2Dialect
2017-02-05 14:36:56.743  INFO 24365 --- [    Test worker] org.hibernate.tool.hbm2ddl.SchemaExport  : HHH000227: Running hbm2ddl schema export
2017-02-05 14:36:56.745  INFO 24365 --- [    Test worker] org.hibernate.tool.hbm2ddl.SchemaExport  : HHH000230: Schema export complete
2017-02-05 14:36:56.776  INFO 24365 --- [    Test worker] j.LocalContainerEntityManagerFactoryBean : Initialized JPA EntityManagerFactory for persistence unit 'default'
2017-02-05 14:36:58.201  INFO 24365 --- [    Test worker] s.w.s.m.m.a.RequestMappingHandlerAdapter : Looking for @ControllerAdvice: org.springframework.web.context.support.GenericWebApplicationContext@31c1de61: startup date [Sun Feb 05 14:36:51 JST 2017]; root of context hierarchy
2017-02-05 14:36:58.417  INFO 24365 --- [    Test worker] s.w.s.m.m.a.RequestMappingHandlerMapping : Mapped "{[/error]}" onto public org.springframework.http.ResponseEntity<java.util.Map<java.lang.String, java.lang.Object>> org.springframework.boot.autoconfigure.web.BasicErrorController.error(javax.servlet.http.HttpServletRequest)
2017-02-05 14:36:58.419  INFO 24365 --- [    Test worker] s.w.s.m.m.a.RequestMappingHandlerMapping : Mapped "{[/error],produces=[text/html]}" onto public org.springframework.web.servlet.ModelAndView org.springframework.boot.autoconfigure.web.BasicErrorController.errorHtml(javax.servlet.http.HttpServletRequest,javax.servlet.http.HttpServletResponse)
2017-02-05 14:36:58.527  INFO 24365 --- [    Test worker] o.s.w.s.handler.SimpleUrlHandlerMapping  : Mapped URL path [/webjars/**] onto handler of type [class org.springframework.web.servlet.resource.ResourceHttpRequestHandler]
2017-02-05 14:36:58.528  INFO 24365 --- [    Test worker] o.s.w.s.handler.SimpleUrlHandlerMapping  : Mapped URL path [/**] onto handler of type [class org.springframework.web.servlet.resource.ResourceHttpRequestHandler]
2017-02-05 14:36:58.644  INFO 24365 --- [    Test worker] o.s.w.s.handler.SimpleUrlHandlerMapping  : Mapped URL path [/**/favicon.ico] onto handler of type [class org.springframework.web.servlet.resource.ResourceHttpRequestHandler]
2017-02-05 14:36:59.942  INFO 24365 --- [    Test worker] b.a.s.AuthenticationManagerConfiguration : 

Using default security password: 9419e9a4-9bb3-4f25-9dc2-c2ede1ff44b0

2017-02-05 14:37:00.034  INFO 24365 --- [    Test worker] o.s.s.web.DefaultSecurityFilterChain     : Creating filter chain: OrRequestMatcher [requestMatchers=[Ant [pattern='/css/**'], Ant [pattern='/js/**'], Ant [pattern='/images/**'], Ant [pattern='/webjars/**'], Ant [pattern='/**/favicon.ico'], Ant [pattern='/error']]], []
2017-02-05 14:37:00.164  INFO 24365 --- [    Test worker] o.s.s.web.DefaultSecurityFilterChain     : Creating filter chain: OrRequestMatcher [requestMatchers=[Ant [pattern='/**']]], [org.springframework.security.web.context.request.async.WebAsyncManagerIntegrationFilter@6bd536af, org.springframework.security.web.context.SecurityContextPersistenceFilter@7d454c87, org.springframework.security.web.header.HeaderWriterFilter@567199b6, org.springframework.security.web.authentication.logout.LogoutFilter@512b8478, org.springframework.security.web.authentication.www.BasicAuthenticationFilter@6adb4710, org.springframework.security.web.savedrequest.RequestCacheAwareFilter@716609ea, org.springframework.security.web.servletapi.SecurityContextHolderAwareRequestFilter@a80139a, org.springframework.security.web.authentication.AnonymousAuthenticationFilter@39f59638, org.springframework.security.web.session.SessionManagementFilter@4f1be1f1, org.springframework.security.web.access.ExceptionTranslationFilter@56fe7d36, org.springframework.security.web.access.intercept.FilterSecurityInterceptor@3e3195ea]
2017-02-05 14:37:00.646  INFO 24365 --- [    Test worker] c.checkpoint.CheckpointApplicationTests  : Started CheckpointApplicationTests in 9.541 seconds (JVM running for 11.289)
]]></system-out>
  <system-err><![CDATA[]]></system-err>
</testsuite>
